<?xml version="1.0" encoding="UTF-8"?>
<!-- Generated by org.testng.reporters.JUnitReportReporter -->
<testsuite skipped="0" hostname="BLR-2FFDJM2-10L" name="RestAssured.EmployeeDetails.EmployeeDetails" tests="6" failures="1" timestamp="2020-07-23T01:14:19 IST" time="6.325" errors="0">
  <testcase name="verifyEmployeeRole" time="0.473" classname="RestAssured.EmployeeDetails.EmployeeDetails"/>
  <testcase name="verifyEmployeeStatus" time="0.781" classname="RestAssured.EmployeeDetails.EmployeeDetails"/>
  <testcase name="verifyEmployeeCompany" time="0.397" classname="RestAssured.EmployeeDetails.EmployeeDetails">
    <failure type="java.lang.AssertionError" message="ACTUAL COMPANY NAME IS : [ABC Infotech] AND EXPECTED COMPANY NAME IS : [IG Infotech] NOT EQUAL. expected [[IG Infotech]] but found [[ABC Infotech]]">
      <![CDATA[java.lang.AssertionError: ACTUAL COMPANY NAME IS : [ABC Infotech] AND EXPECTED COMPANY NAME IS : [IG Infotech] NOT EQUAL. expected [[IG Infotech]] but found [[ABC Infotech]]
at org.testng.Assert.fail(Assert.java:97)
at org.testng.Assert.assertEqualsImpl(Assert.java:136)
at org.testng.Assert.assertEquals(Assert.java:118)
at org.testng.Assert.assertEquals(Assert.java:575)
at RestAssured.EmployeeDetails.EmployeeDetails.verifyEmployeeCompany(EmployeeDetails.java:107)
at sun.reflect.NativeMethodAccessorImpl.invoke0(Native Method)
at sun.reflect.NativeMethodAccessorImpl.invoke(Unknown Source)
at sun.reflect.DelegatingMethodAccessorImpl.invoke(Unknown Source)
at java.lang.reflect.Method.invoke(Unknown Source)
at org.testng.internal.MethodInvocationHelper.invokeMethod(MethodInvocationHelper.java:133)
at org.testng.internal.TestInvoker.invokeMethod(TestInvoker.java:584)
at org.testng.internal.TestInvoker.invokeTestMethod(TestInvoker.java:172)
at org.testng.internal.MethodRunner.runInSequence(MethodRunner.java:46)
at org.testng.internal.TestInvoker$MethodInvocationAgent.invoke(TestInvoker.java:804)
at org.testng.internal.TestInvoker.invokeTestMethods(TestInvoker.java:145)
at org.testng.internal.TestMethodWorker.invokeTestMethods(TestMethodWorker.java:146)
at org.testng.internal.TestMethodWorker.run(TestMethodWorker.java:128)
at java.util.ArrayList.forEach(Unknown Source)
at org.testng.TestRunner.privateRun(TestRunner.java:770)
at org.testng.TestRunner.run(TestRunner.java:591)
at org.testng.SuiteRunner.runTest(SuiteRunner.java:402)
at org.testng.SuiteRunner.runSequentially(SuiteRunner.java:396)
at org.testng.SuiteRunner.privateRun(SuiteRunner.java:355)
at org.testng.SuiteRunner.run(SuiteRunner.java:304)
at org.testng.SuiteRunnerWorker.runSuite(SuiteRunnerWorker.java:53)
at org.testng.SuiteRunnerWorker.run(SuiteRunnerWorker.java:96)
at org.testng.TestNG.runSuitesSequentially(TestNG.java:1180)
at org.testng.TestNG.runSuitesLocally(TestNG.java:1102)
at org.testng.TestNG.runSuites(TestNG.java:1032)
at org.testng.TestNG.run(TestNG.java:1000)
at org.testng.remote.AbstractRemoteTestNG.run(AbstractRemoteTestNG.java:115)
at org.testng.remote.RemoteTestNG.initAndRun(RemoteTestNG.java:251)
at org.testng.remote.RemoteTestNG.main(RemoteTestNG.java:77)
]]>
    </failure>
  </testcase> <!-- verifyEmployeeCompany -->
  <testcase name="verifyEmployeeDOB" time="0.380" classname="RestAssured.EmployeeDetails.EmployeeDetails"/>
  <testcase name="verifyEmployeeAge" time="3.894" classname="RestAssured.EmployeeDetails.EmployeeDetails"/>
  <testcase name="verifyEmployeeDataRetrievedMesage" time="0.400" classname="RestAssured.EmployeeDetails.EmployeeDetails"/>
</testsuite> <!-- RestAssured.EmployeeDetails.EmployeeDetails -->
