<?xml version="1.0" encoding="UTF-8"?>
<testng-results skipped="0" failed="1" ignored="0" total="6" passed="5">
  <reporter-output>
  </reporter-output>
  <suite name="Suite" duration-ms="7488" started-at="2020-07-23T08:48:12 IST" finished-at="2020-07-23T08:48:20 IST">
    <groups>
    </groups>
    <test name="Test" duration-ms="7488" started-at="2020-07-23T08:48:12 IST" finished-at="2020-07-23T08:48:20 IST">
      <class name="RestAssured.EmployeeDetails.EmployeeDetails">
        <test-method status="PASS" signature="verifyEmployeeAge()[pri:0, instance:RestAssured.EmployeeDetails.EmployeeDetails@cd2dae5]" name="verifyEmployeeAge" duration-ms="4058" started-at="2020-07-23T08:48:12 IST" finished-at="2020-07-23T08:48:17 IST">
          <reporter-output>
          </reporter-output>
        </test-method> <!-- verifyEmployeeAge -->
        <test-method status="FAIL" signature="verifyEmployeeCompany()[pri:0, instance:RestAssured.EmployeeDetails.EmployeeDetails@cd2dae5]" name="verifyEmployeeCompany" duration-ms="631" started-at="2020-07-23T08:48:17 IST" finished-at="2020-07-23T08:48:17 IST">
          <exception class="java.lang.AssertionError">
            <message>
              <![CDATA[ACTUAL COMPANY NAME IS : [ABC Infotech] AND EXPECTED COMPANY NAME IS : [IG Infotech] NOT EQUAL. expected [[IG Infotech]] but found [[ABC Infotech]]]]>
            </message>
            <full-stacktrace>
              <![CDATA[java.lang.AssertionError: ACTUAL COMPANY NAME IS : [ABC Infotech] AND EXPECTED COMPANY NAME IS : [IG Infotech] NOT EQUAL. expected [[IG Infotech]] but found [[ABC Infotech]]
at org.testng.Assert.fail(Assert.java:97)
at org.testng.Assert.assertEqualsImpl(Assert.java:136)
at org.testng.Assert.assertEquals(Assert.java:118)
at org.testng.Assert.assertEquals(Assert.java:575)
at RestAssured.EmployeeDetails.EmployeeDetails.verifyEmployeeCompany(EmployeeDetails.java:105)
at sun.reflect.NativeMethodAccessorImpl.invoke0(Native Method)
at sun.reflect.NativeMethodAccessorImpl.invoke(Unknown Source)
at sun.reflect.DelegatingMethodAccessorImpl.invoke(Unknown Source)
at java.lang.reflect.Method.invoke(Unknown Source)
at org.testng.internal.MethodInvocationHelper.invokeMethod(MethodInvocationHelper.java:133)
at org.testng.internal.TestInvoker.invokeMethod(TestInvoker.java:584)
at org.testng.internal.TestInvoker.invokeTestMethod(TestInvoker.java:172)
at org.testng.internal.MethodRunner.runInSequence(MethodRunner.java:46)
at org.testng.internal.TestInvoker$MethodInvocationAgent.invoke(TestInvoker.java:804)
at org.testng.internal.TestInvoker.invokeTestMethods(TestInvoker.java:145)
at org.testng.internal.TestMethodWorker.invokeTestMethods(TestMethodWorker.java:146)
at org.testng.internal.TestMethodWorker.run(TestMethodWorker.java:128)
at java.util.ArrayList.forEach(Unknown Source)
at org.testng.TestRunner.privateRun(TestRunner.java:770)
at org.testng.TestRunner.run(TestRunner.java:591)
at org.testng.SuiteRunner.runTest(SuiteRunner.java:402)
at org.testng.SuiteRunner.runSequentially(SuiteRunner.java:396)
at org.testng.SuiteRunner.privateRun(SuiteRunner.java:355)
at org.testng.SuiteRunner.run(SuiteRunner.java:304)
at org.testng.SuiteRunnerWorker.runSuite(SuiteRunnerWorker.java:53)
at org.testng.SuiteRunnerWorker.run(SuiteRunnerWorker.java:96)
at org.testng.TestNG.runSuitesSequentially(TestNG.java:1180)
at org.testng.TestNG.runSuitesLocally(TestNG.java:1102)
at org.testng.TestNG.runSuites(TestNG.java:1032)
at org.testng.TestNG.run(TestNG.java:1000)
at org.testng.remote.AbstractRemoteTestNG.run(AbstractRemoteTestNG.java:115)
at org.testng.remote.RemoteTestNG.initAndRun(RemoteTestNG.java:251)
at org.testng.remote.RemoteTestNG.main(RemoteTestNG.java:77)
]]>
            </full-stacktrace>
          </exception> <!-- java.lang.AssertionError -->
          <reporter-output>
          </reporter-output>
        </test-method> <!-- verifyEmployeeCompany -->
        <test-method status="PASS" signature="verifyEmployeeDOB()[pri:0, instance:RestAssured.EmployeeDetails.EmployeeDetails@cd2dae5]" name="verifyEmployeeDOB" duration-ms="570" started-at="2020-07-23T08:48:17 IST" finished-at="2020-07-23T08:48:18 IST">
          <reporter-output>
          </reporter-output>
        </test-method> <!-- verifyEmployeeDOB -->
        <test-method status="PASS" signature="verifyEmployeeDataRetrievedMesage()[pri:0, instance:RestAssured.EmployeeDetails.EmployeeDetails@cd2dae5]" name="verifyEmployeeDataRetrievedMesage" duration-ms="646" started-at="2020-07-23T08:48:18 IST" finished-at="2020-07-23T08:48:18 IST">
          <reporter-output>
          </reporter-output>
        </test-method> <!-- verifyEmployeeDataRetrievedMesage -->
        <test-method status="PASS" signature="verifyEmployeeRole()[pri:0, instance:RestAssured.EmployeeDetails.EmployeeDetails@cd2dae5]" name="verifyEmployeeRole" duration-ms="598" started-at="2020-07-23T08:48:18 IST" finished-at="2020-07-23T08:48:19 IST">
          <reporter-output>
          </reporter-output>
        </test-method> <!-- verifyEmployeeRole -->
        <test-method status="PASS" signature="verifyEmployeeStatus()[pri:0, instance:RestAssured.EmployeeDetails.EmployeeDetails@cd2dae5]" name="verifyEmployeeStatus" duration-ms="910" started-at="2020-07-23T08:48:19 IST" finished-at="2020-07-23T08:48:20 IST">
          <reporter-output>
          </reporter-output>
        </test-method> <!-- verifyEmployeeStatus -->
      </class> <!-- RestAssured.EmployeeDetails.EmployeeDetails -->
    </test> <!-- Test -->
  </suite> <!-- Suite -->
</testng-results>
